1783420308|relaxing-garden-word-search|4|71e65baddf6c46f731a3f70b101b9b7ba801d40df571d9643ca8709c74541a6f
1783420548|quorum-brain|2|90af351356c49ce1eb5aaa030156346b9602a9120864f672e33706b465f2f937
1783422338|quorum-brain|4|607dba1702f3150ab07fd09c8714efeec8373399dc8a708e2337126496459bba
1783428291|quorum-brain|6|b005fe953b89b797915774c8b381b41a646bb2c7a4016d6ab8129133fad25940
1783428912|quorum-brain|8|e403ee43b2383c55782f27f1c32b0632eccc8c7622c12f827cfdba145c740482
1783429140|quorum-brain|10|d2baa22c112e6f68fee24a2c17db547a73b60db0107f32e2ee48116b1d5e8d22
1783429653|quorum-brain|14|7f0e256be2e7b5931ade8a4c35143a5283d60bb46b6781886562f86f6cbb4430
1783430245|quorum-brain|20|8665c27bde741a41008a8e75cc3e3bdc664ae220f94057d3104684b829c78fa7
1783430825|quorum-brain|24|4d2013a60a79b5bbc94052128d8541078ac3ca8ca19dabba8218a4dee3092bd7
1783431394|quorum-brain|28|09453571db3c89bf70f89535ef2addc59b6ed502f8d4d5c1484e69144eb40b8b
1783431605|quorum-brain|32|12562b16631239c37ab901150cba6d8f941cc67896a6646042f31d5713c27665
1783435806|3d-maze-tower|4|2eea167b69e5e2e59e6393db737d4d7ee175d3e6a31888f73b166a0718d6f25f
1783436237|3d-maze-tower|8|f2be413d8ca3e0e64ac63416394d0ccb5e3d56ce8391d638628c987b6fe0e00f
1783436809|3d-maze-tower|9|5854199880995deb7dc4da9598357ba08debb15a2357d8ed1dae625198b5bbb9
1783437185|quorum-brain|34|f147f0579f6a62db685151084e5217a3ec7aeb3580e173ce169db98ac10590b8
1783442022|quorum-brain|38|09bce2001494550e7c25a76a85f7706319eca36143803ef19fb95900fd71de0d
1783442961|quorum-book|102|9756be63c849d83b25dc42f1c4c79a5daca017b2306917d9256579882d975db7
1783443068|quorum-brain|44|f56792da3919ca1f43cc538dd523c8d23fa046ba156afa60a10da9746f27135a
1783445976|quorum-brain|48|17c8b0de0172c1dd7105bd3c40ddb9cb760d9a25882100d7d4af1215060e9453
1783446520|quorum-brain|50|baa79e672eb840b3353f5838d7e3bec9f19f60ae5ed2a7a3c84cb7aecf8f37f9
1783447311|quorum-brain|52|bb5e3ac647a2b49f823036c596bdf95d1d8915f9fe779eee6d171ffe6ee6474c
1783456032|quorum-brain|54|d2119fd861f66401069f15aa3eb90bb616669371a0e124dd9af3f4eb3385bc56
1783456372|quorum-brain|56|72f504651c55f0c2c73caa5334083f0f58ea714dff8b7c48c304aa5b2fca4ac2
1783460572|quorum-brain|59|06b5e0146b390269160f9926387c64aceb8b954543b4fbdf516dccc8b4f386bc
1783461415|quorum-brain|61|645e24b41c1616ac7706fedef0bab1351d75957f7766c9434d7a80252beb89de
1783462746|quorum-brain|73|619a8e942c3fffba94dea2516bdbc5c9863437f0268d3400c488ed3b20a18b62
1783463651|quorum-brain|75|baf94a2a1f3b040f064f7a9e23a5137397c83988b587e406531b5def901cc109
1783488432|quorum-brain|77|fa138c157564ca0c2c7d7bcdec44be2b2063d8f8fa12a78d49ef8b8bd4e23149
1783491232|quorum-brain|79|79c11f82658127181698895cbdf403adc57cf16711fbf5e6c4ce54ccdcec6cc8
1783492837|quorum-brain|81|422335fc8353d16099b3ee577c396b4ccd58b21c8e616099f0b37698e1c70303
1783495609|quorum-brain|83|d81b0f531f793790b99af3fdb33ae10dd281093ba0134f045b79ed67803bc893
1783496473|quorum-brain|85|521a4242d269c48daeafbbaa8c2d5c027336bbd4696efa253d61ee98c18d998e
1783502341|quorum-brain|89|e205ef87c866dca3e9a755f0d9e035596eaef83f846470341fb063f1b1bc5b1d
1783503892|quorum-brain|91|e4478a307daf07f9c4172b028943f469a398c027d924ffcfe7b00f7342d3e62e
1783504584|quorum-brain|95|9dcfe9c87045c4c936d3592b4c7e21149d2852819ca961e503c5a567d05a8047
1783507372|the-tower-3d-maze|4|ea6a3e8fe332babbcaee8bddc04b44a9d4535fc94e6e6d8cccdd5a0ffc4441fd
